TN:
SF:/Users/RayNjeri/Desktop/Work/checkpoint2/client/src/actions/actionTypes.js
FNF:0
FNH:0
DA:1,1
DA:3,1
DA:4,1
DA:5,1
DA:7,1
DA:8,1
DA:9,1
DA:11,1
DA:12,1
DA:13,1
DA:15,1
DA:16,1
DA:17,1
DA:19,1
DA:20,1
DA:21,1
DA:23,1
DA:26,1
DA:27,1
DA:29,1
DA:30,1
DA:31,1
DA:33,1
DA:34,1
DA:35,1
DA:37,1
DA:38,1
DA:39,1
LF:28
LH:28
BRF:0
BRH:0
end_of_record
TN:
SF:/Users/RayNjeri/Desktop/Work/checkpoint2/client/src/actions/authActions.js
FN:5,(anonymous_0)
FN:7,(anonymous_1)
FN:9,(anonymous_2)
FN:13,(anonymous_3)
FN:15,(anonymous_4)
FN:23,(anonymous_5)
FN:31,(anonymous_6)
FN:36,(anonymous_7)
FN:40,(anonymous_8)
FN:40,(anonymous_9)
FN:46,(anonymous_10)
FN:50,(anonymous_11)
FN:56,(anonymous_12)
FN:56,(anonymous_13)
FN:63,(anonymous_14)
FN:69,(anonymous_15)
FN:76,(anonymous_16)
FN:76,(anonymous_17)
FNF:18
FNH:8
FNDA:1,(anonymous_0)
FNDA:1,(anonymous_1)
FNDA:1,(anonymous_2)
FNDA:1,(anonymous_3)
FNDA:1,(anonymous_4)
FNDA:1,(anonymous_5)
FNDA:1,(anonymous_6)
FNDA:1,(anonymous_7)
FNDA:0,(anonymous_8)
FNDA:0,(anonymous_9)
FNDA:0,(anonymous_10)
FNDA:0,(anonymous_11)
FNDA:0,(anonymous_12)
FNDA:0,(anonymous_13)
FNDA:0,(anonymous_14)
FNDA:0,(anonymous_15)
FNDA:0,(anonymous_16)
FNDA:0,(anonymous_17)
DA:5,1
DA:7,1
DA:9,1
DA:13,1
DA:15,1
DA:23,1
DA:31,1
DA:36,1
DA:40,1
DA:41,0
DA:42,0
DA:47,0
DA:48,0
DA:51,0
DA:56,1
DA:57,0
DA:58,0
DA:59,0
DA:64,0
DA:66,0
DA:67,0
DA:70,0
DA:76,1
DA:77,0
DA:78,0
LF:25
LH:11
BRF:0
BRH:0
end_of_record
TN:
SF:/Users/RayNjeri/Desktop/Work/checkpoint2/client/src/utils/tokenUtils.js
FN:3,(anonymous_0)
FN:5,(anonymous_1)
FN:7,(anonymous_2)
FN:10,(anonymous_3)
FNF:4
FNH:0
FNDA:0,(anonymous_0)
FNDA:0,(anonymous_1)
FNDA:0,(anonymous_2)
FNDA:0,(anonymous_3)
DA:3,1
DA:5,1
DA:7,1
DA:10,1
DA:11,0
DA:12,0
LF:6
LH:4
BRDA:12,0,0,0
BRDA:12,0,1,0
BRF:2
BRH:0
end_of_record
