TN:
SF:/Users/RayNjeri/Desktop/Work/checkpoint2/client/src/API/api.js
FN:5,(anonymous_0)
FN:14,(anonymous_1)
FN:23,(anonymous_2)
FN:33,(anonymous_3)
FNF:4
FNH:0
FNDA:0,(anonymous_0)
FNDA:0,(anonymous_1)
FNDA:0,(anonymous_2)
FNDA:0,(anonymous_3)
DA:5,3
DA:6,0
DA:7,0
DA:14,3
DA:15,0
DA:16,0
DA:23,3
DA:24,0
DA:25,0
DA:33,3
DA:34,0
DA:35,0
LF:12
LH:4
BRF:0
BRH:0
end_of_record
TN:
SF:/Users/RayNjeri/Desktop/Work/checkpoint2/client/src/Components/common/Header.js
FN:5,(anonymous_0)
FNF:1
FNH:0
FNDA:0,(anonymous_0)
DA:5,1
DA:6,0
LF:2
LH:1
BRF:0
BRH:0
end_of_record
TN:
SF:/Users/RayNjeri/Desktop/Work/checkpoint2/client/src/Components/document/documentCreateForm.js
FN:8,(anonymous_0)
FNF:1
FNH:0
FNDA:0,(anonymous_0)
DA:8,1
DA:9,0
LF:2
LH:1
BRF:0
BRH:0
end_of_record
TN:
SF:/Users/RayNjeri/Desktop/Work/checkpoint2/client/src/Components/document/documentEditForm.js
FN:8,DocumentEditForm
FNF:1
FNH:0
FNDA:0,DocumentEditForm
DA:4,1
DA:9,0
DA:33,1
LF:3
LH:2
BRF:0
BRH:0
end_of_record
TN:
SF:/Users/RayNjeri/Desktop/Work/checkpoint2/client/src/Components/document/documentList.js
FN:7,(anonymous_0)
FN:9,(anonymous_1)
FNF:2
FNH:0
FNDA:0,(anonymous_0)
FNDA:0,(anonymous_1)
DA:7,1
DA:8,0
DA:10,0
DA:19,1
LF:4
LH:2
BRF:0
BRH:0
end_of_record
TN:
SF:/Users/RayNjeri/Desktop/Work/checkpoint2/client/src/Components/document/documentViewContainer.js
FN:28,(anonymous_0)
FN:46,(anonymous_1)
FN:49,(anonymous_2)
FN:54,(anonymous_3)
FN:59,(anonymous_4)
FN:65,(anonymous_5)
FN:69,(anonymous_6)
FN:73,(anonymous_7)
FN:82,(anonymous_8)
FN:83,(anonymous_9)
FN:92,(anonymous_10)
FN:101,(anonymous_11)
FN:118,(anonymous_12)
FN:171,mapStateToProps
FN:177,mapDispatchToProps
FNF:15
FNH:4
FNDA:4,(anonymous_0)
FNDA:4,(anonymous_1)
FNDA:0,(anonymous_2)
FNDA:0,(anonymous_3)
FNDA:0,(anonymous_4)
FNDA:1,(anonymous_5)
FNDA:0,(anonymous_6)
FNDA:0,(anonymous_7)
FNDA:0,(anonymous_8)
FNDA:0,(anonymous_9)
FNDA:0,(anonymous_10)
FNDA:5,(anonymous_11)
FNDA:0,(anonymous_12)
FNDA:0,mapStateToProps
FNDA:0,mapDispatchToProps
DA:18,1
DA:20,1
DA:29,4
DA:30,4
DA:38,4
DA:39,4
DA:40,4
DA:41,4
DA:42,4
DA:43,4
DA:44,4
DA:47,4
DA:50,0
DA:51,0
DA:52,0
DA:55,0
DA:56,0
DA:57,0
DA:60,0
DA:61,0
DA:62,0
DA:66,1
DA:70,0
DA:74,0
DA:75,0
DA:83,0
DA:84,0
DA:93,0
DA:94,0
DA:98,0
DA:102,5
DA:115,5
DA:119,0
DA:160,1
DA:167,1
DA:172,0
DA:178,0
LF:37
LH:17
BRDA:94,0,0,0
BRDA:94,0,1,0
BRDA:141,1,0,0
BRDA:141,1,1,5
BRF:4
BRH:1
end_of_record
TN:
SF:/Users/RayNjeri/Desktop/Work/checkpoint2/client/src/Components/document/documentsView.js
FN:22,(anonymous_0)
FN:41,(anonymous_1)
FN:43,(anonymous_2)
FNF:3
FNH:0
FNDA:0,(anonymous_0)
FNDA:0,(anonymous_1)
FNDA:0,(anonymous_2)
DA:13,1
DA:22,1
DA:23,0
DA:42,0
DA:44,0
DA:60,1
LF:6
LH:3
BRDA:28,0,0,0
BRDA:28,0,1,0
BRF:2
BRH:0
end_of_record
TN:
SF:/Users/RayNjeri/Desktop/Work/checkpoint2/client/src/actions/actionTypes.js
FNF:0
FNH:0
DA:1,4
DA:3,4
DA:4,4
DA:5,4
DA:7,4
DA:8,4
DA:9,4
DA:11,4
DA:12,4
DA:13,4
DA:15,4
DA:16,4
DA:17,4
DA:19,4
DA:20,4
DA:21,4
DA:23,4
DA:26,4
DA:27,4
DA:29,4
DA:30,4
DA:31,4
DA:33,4
DA:34,4
DA:35,4
DA:37,4
DA:38,4
DA:39,4
DA:43,4
DA:44,4
DA:45,4
DA:47,4
DA:48,4
DA:49,4
DA:51,4
DA:52,4
DA:53,4
DA:55,4
DA:56,4
DA:57,4
DA:59,4
DA:60,4
DA:61,4
DA:63,4
LF:44
LH:44
BRF:0
BRH:0
end_of_record
TN:
SF:/Users/RayNjeri/Desktop/Work/checkpoint2/client/src/actions/authActions.js
FN:5,(anonymous_0)
FN:7,(anonymous_1)
FN:9,(anonymous_2)
FN:13,(anonymous_3)
FN:15,(anonymous_4)
FN:23,(anonymous_5)
FN:30,(anonymous_6)
FN:35,(anonymous_7)
FN:39,(anonymous_8)
FN:39,(anonymous_9)
FN:45,(anonymous_10)
FN:49,(anonymous_11)
FN:55,(anonymous_12)
FN:55,(anonymous_13)
FN:61,(anonymous_14)
FN:65,(anonymous_15)
FN:72,(anonymous_16)
FN:72,(anonymous_17)
FNF:18
FNH:11
FNDA:2,(anonymous_0)
FNDA:1,(anonymous_1)
FNDA:1,(anonymous_2)
FNDA:1,(anonymous_3)
FNDA:2,(anonymous_4)
FNDA:1,(anonymous_5)
FNDA:1,(anonymous_6)
FNDA:1,(anonymous_7)
FNDA:1,(anonymous_8)
FNDA:1,(anonymous_9)
FNDA:1,(anonymous_10)
FNDA:0,(anonymous_11)
FNDA:0,(anonymous_12)
FNDA:0,(anonymous_13)
FNDA:0,(anonymous_14)
FNDA:0,(anonymous_15)
FNDA:0,(anonymous_16)
FNDA:0,(anonymous_17)
DA:5,2
DA:7,1
DA:9,1
DA:13,1
DA:15,2
DA:23,1
DA:30,1
DA:35,1
DA:39,1
DA:40,1
DA:41,1
DA:46,1
DA:47,1
DA:50,0
DA:55,1
DA:56,0
DA:57,0
DA:62,0
DA:63,0
DA:66,0
DA:72,1
DA:73,0
DA:74,0
LF:23
LH:15
BRF:0
BRH:0
end_of_record
TN:
SF:/Users/RayNjeri/Desktop/Work/checkpoint2/client/src/actions/documentsAction.js
FN:8,(anonymous_0)
FN:12,(anonymous_1)
FN:16,(anonymous_2)
FN:21,(anonymous_3)
FN:26,(anonymous_4)
FN:31,(anonymous_5)
FN:36,(anonymous_6)
FN:41,(anonymous_7)
FN:45,(anonymous_8)
FN:50,(anonymous_9)
FN:55,(anonymous_10)
FN:60,(anonymous_11)
FN:65,(anonymous_12)
FN:70,(anonymous_13)
FN:74,(anonymous_14)
FN:79,(anonymous_15)
FN:84,(anonymous_16)
FN:91,(anonymous_17)
FN:91,(anonymous_18)
FN:97,(anonymous_19)
FN:100,(anonymous_20)
FN:106,(anonymous_21)
FN:106,(anonymous_22)
FN:113,(anonymous_23)
FN:116,(anonymous_24)
FN:122,(anonymous_25)
FN:122,(anonymous_26)
FN:129,(anonymous_27)
FN:132,(anonymous_28)
FN:138,(anonymous_29)
FN:138,(anonymous_30)
FN:144,(anonymous_31)
FN:147,(anonymous_32)
FN:153,(anonymous_33)
FN:153,(anonymous_34)
FN:159,(anonymous_35)
FN:162,(anonymous_36)
FNF:37
FNH:1
FNDA:0,(anonymous_0)
FNDA:1,(anonymous_1)
FNDA:0,(anonymous_2)
FNDA:0,(anonymous_3)
FNDA:0,(anonymous_4)
FNDA:0,(anonymous_5)
FNDA:0,(anonymous_6)
FNDA:0,(anonymous_7)
FNDA:0,(anonymous_8)
FNDA:0,(anonymous_9)
FNDA:0,(anonymous_10)
FNDA:0,(anonymous_11)
FNDA:0,(anonymous_12)
FNDA:0,(anonymous_13)
FNDA:0,(anonymous_14)
FNDA:0,(anonymous_15)
FNDA:0,(anonymous_16)
FNDA:0,(anonymous_17)
FNDA:0,(anonymous_18)
FNDA:0,(anonymous_19)
FNDA:0,(anonymous_20)
FNDA:0,(anonymous_21)
FNDA:0,(anonymous_22)
FNDA:0,(anonymous_23)
FNDA:0,(anonymous_24)
FNDA:0,(anonymous_25)
FNDA:0,(anonymous_26)
FNDA:0,(anonymous_27)
FNDA:0,(anonymous_28)
FNDA:0,(anonymous_29)
FNDA:0,(anonymous_30)
FNDA:0,(anonymous_31)
FNDA:0,(anonymous_32)
FNDA:0,(anonymous_33)
FNDA:0,(anonymous_34)
FNDA:0,(anonymous_35)
FNDA:0,(anonymous_36)
DA:8,2
DA:12,2
DA:16,2
DA:21,2
DA:26,2
DA:31,2
DA:36,2
DA:41,2
DA:45,2
DA:50,2
DA:55,2
DA:60,2
DA:65,2
DA:70,2
DA:74,2
DA:79,2
DA:84,2
DA:91,2
DA:92,0
DA:93,0
DA:98,0
DA:101,0
DA:106,2
DA:107,0
DA:108,0
DA:114,0
DA:117,0
DA:122,2
DA:123,0
DA:124,0
DA:130,0
DA:133,0
DA:138,2
DA:139,0
DA:140,0
DA:145,0
DA:148,0
DA:153,2
DA:154,0
DA:155,0
DA:160,0
DA:163,0
LF:42
LH:22
BRF:0
BRH:0
end_of_record
TN:
SF:/Users/RayNjeri/Desktop/Work/checkpoint2/client/src/reducers/documentReducer.js
FN:10,reducer
FN:30,(anonymous_1)
FN:43,(anonymous_2)
FNF:3
FNH:1
FNDA:3,reducer
FNDA:0,(anonymous_1)
FNDA:0,(anonymous_2)
DA:3,1
DA:11,3
DA:13,0
DA:18,0
DA:24,0
DA:29,0
DA:30,0
DA:33,0
DA:37,0
DA:42,0
DA:43,0
DA:48,0
DA:53,1
DA:58,1
DA:66,0
DA:72,0
DA:78,1
LF:17
LH:5
BRDA:10,0,0,1
BRDA:11,1,0,0
BRDA:11,1,1,0
BRDA:11,1,2,0
BRDA:11,1,3,0
BRDA:11,1,4,0
BRDA:11,1,5,0
BRDA:11,1,6,0
BRDA:11,1,7,0
BRDA:11,1,8,1
BRDA:11,1,9,1
BRDA:11,1,10,0
BRDA:11,1,11,0
BRDA:11,1,12,0
BRDA:11,1,13,1
BRDA:43,2,0,0
BRDA:43,2,1,0
BRF:17
BRH:4
end_of_record
